<?xml version="1.0" encoding="UTF-8"?>
<!-- Generated by org.testng.reporters.JUnitReportReporter -->
<testsuite hostname="WIN-G7U34AMJHD6" failures="0" tests="1" name="homework.FinalProject" time="10.688" errors="0" timestamp="2023-11-13T20:07:00 ICT" skipped="0">
  <testcase classname="homework.FinalProject" name="AddEventUnsuccessfully" time="10.688"/>
  <system-out/>
</testsuite> <!-- homework.FinalProject -->
