<?xml version="1.0" encoding="UTF-8"?>
<!-- Generated by org.testng.reporters.JUnitReportReporter -->
<testsuite hostname="WIN-G7U34AMJHD6" failures="0" tests="1" name="homework.Homework10" time="12.498" errors="0" timestamp="2023-10-20T20:27:19 ICT" skipped="0">
  <testcase classname="homework.Homework10" name="groupRadioButton" time="12.498"/>
  <system-out/>
</testsuite> <!-- homework.Homework10 -->
