<?xml version="1.0" encoding="UTF-8"?>
<!-- Generated by org.testng.reporters.JUnitReportReporter -->
<testsuite hostname="WIN-G7U34AMJHD6" failures="0" tests="1" name="homework.Homework11" time="4.521" errors="0" timestamp="2023-10-22T19:55:26 ICT" skipped="0">
  <testcase classname="homework.Homework11" name="multipleCheckboxDemo" time="4.521"/>
  <system-out/>
</testsuite> <!-- homework.Homework11 -->
