<?xml version="1.0" encoding="UTF-8"?>
<!-- Generated by org.testng.reporters.JUnitReportReporter -->
<testsuite hostname="WIN-G7U34AMJHD6" failures="0" tests="1" name="homework.Homework13" time="9.288" errors="0" timestamp="2023-10-30T13:17:08 ICT" skipped="0">
  <testcase classname="homework.Homework13" name="LogOut" time="9.288"/>
  <system-out/>
</testsuite> <!-- homework.Homework13 -->
