<?xml version="1.0" encoding="UTF-8"?>
<!-- Generated by org.testng.reporters.JUnitReportReporter -->
<testsuite hostname="WIN-G7U34AMJHD6" failures="0" tests="1" name="homework.Homework12" time="0.113" errors="0" timestamp="2023-10-22T20:23:34 ICT" skipped="0">
  <testcase classname="homework.Homework12" name="radioButton" time="0.113"/>
  <system-out/>
</testsuite> <!-- homework.Homework12 -->
