<?xml version="1.0" encoding="UTF-8"?>
<!-- Generated by org.testng.reporters.JUnitReportReporter -->
<testsuite hostname="WIN-G7U34AMJHD6" failures="0" tests="2" name="homework.Homework12" time="0.331" errors="0" timestamp="2023-10-25T20:50:26 ICT" skipped="0">
  <testcase classname="homework.Homework12" name="radioButton" time="0.052"/>
  <system-out/>
  <testcase classname="homework.Homework12" name="inputForm" time="0.279"/>
  <system-out/>
</testsuite> <!-- homework.Homework12 -->
