<?xml version="1.0" encoding="UTF-8"?>
<!-- Generated by org.testng.reporters.JUnitReportReporter -->
<testsuite hostname="WIN-G7U34AMJHD6" failures="0" tests="1" name="homework.Homework14" time="11.652" errors="0" timestamp="2023-11-17T20:13:45 ICT" skipped="0">
  <testcase classname="homework.Homework14" name="SignUpAdala" time="11.652"/>
  <system-out/>
</testsuite> <!-- homework.Homework14 -->
